
========================= Print all args value =========================
subject_list = [1, 2, 3]
exercise_list = [1, 2, 3]
fs = 2000
num_channel = 12
window_size_sec = 0.2
window_step_sec = 0.1
type_filter = BPF_20_200
type_norm = mu_law_1
num_epoch = 3000
batch_size = 512
lr = 0.001
database = DB2
model_type = DNN_feature
en_train = True
load_model = True
class_rest = False
feat_extract = True
load_dataset = False
save_dataset = False
log_name = 20231110_1728_main_develop_DB2
======================================================================


======================================================================
----------------------------------------------------------------------
Database: NinaPro  DB2
Number of subjects:  3  -> [1, 2, 3] subject
Number of  exercises:  3  -> [1, 2, 3] exercise
Number of gestures:  49, and we excludes 'rest' class
----------------------------------------------------------------------
Sampling rate:  2000  (sps)
Number of channels:  12
Window size:  400  (samples) =  200.0  (ms)
Window step:  200  (samples) =  100.0  (ms)
----------------------------------------------------------------------
Device:  cpu
Feature extraction:  True
Model type:  DNN_feature
Model PATH:  ./Results/20231110_1728_main_develop_DB2/DNN_feature.pth
Load model:  True
Number of epochs:  3000
Batch size:  512
Learning rate:  0.001
----------------------------------------------------------------------
======================================================================


----------------------------------------------------------------------
Loading  1-th subject for train dataset ...